<?xml version="1.0" encoding="UTF-8"?>
<testng-results skipped="0" failed="0" ignored="0" total="5" passed="5">
  <reporter-output>
  </reporter-output>
  <suite name="Default suite" duration-ms="4019" started-at="2017-07-29T06:51:43Z" finished-at="2017-07-29T06:51:47Z">
    <groups>
    </groups>
    <test name="Default test" duration-ms="4019" started-at="2017-07-29T06:51:43Z" finished-at="2017-07-29T06:51:47Z">
      <class name="com.testrestapi.com.rest.RestTest">
        <test-method status="PASS" signature="setup()[pri:0, instance:com.testrestapi.com.rest.RestTest@6a41eaa2]" name="setup" is-config="true" duration-ms="3491" started-at="2017-07-29T12:21:43Z" finished-at="2017-07-29T12:21:46Z">
          <reporter-output>
          </reporter-output>
        </test-method> <!-- setup -->
        <test-method status="PASS" signature="getRequestFindName()[pri:1, instance:com.testrestapi.com.rest.RestTest@6a41eaa2]" name="getRequestFindName" duration-ms="8" started-at="2017-07-29T12:21:46Z" finished-at="2017-07-29T12:21:46Z">
          <reporter-output>
          </reporter-output>
        </test-method> <!-- getRequestFindName -->
        <test-method status="PASS" signature="getRequestFindCapital()[pri:2, instance:com.testrestapi.com.rest.RestTest@6a41eaa2]" name="getRequestFindCapital" duration-ms="2" started-at="2017-07-29T12:21:46Z" finished-at="2017-07-29T12:21:46Z">
          <reporter-output>
          </reporter-output>
        </test-method> <!-- getRequestFindCapital -->
        <test-method status="PASS" signature="getRequestFindRegion()[pri:3, instance:com.testrestapi.com.rest.RestTest@6a41eaa2]" name="getRequestFindRegion" duration-ms="2" started-at="2017-07-29T12:21:46Z" finished-at="2017-07-29T12:21:46Z">
          <reporter-output>
          </reporter-output>
        </test-method> <!-- getRequestFindRegion -->
        <test-method status="PASS" signature="getRequestFindCurrencies()[pri:4, instance:com.testrestapi.com.rest.RestTest@6a41eaa2]" name="getRequestFindCurrencies" duration-ms="491" started-at="2017-07-29T12:21:46Z" finished-at="2017-07-29T12:21:47Z">
          <reporter-output>
          </reporter-output>
        </test-method> <!-- getRequestFindCurrencies -->
        <test-method status="PASS" signature="getRequestFindPopulation()[pri:5, instance:com.testrestapi.com.rest.RestTest@6a41eaa2]" name="getRequestFindPopulation" duration-ms="1" started-at="2017-07-29T12:21:47Z" finished-at="2017-07-29T12:21:47Z">
          <reporter-output>
          </reporter-output>
        </test-method> <!-- getRequestFindPopulation -->
      </class> <!-- com.testrestapi.com.rest.RestTest -->
    </test> <!-- Default test -->
  </suite> <!-- Default suite -->
</testng-results>
